<?xml version="1.0" encoding="UTF-8"?>
<!-- Generated by org.testng.reporters.JUnitXMLReporter -->
<testsuite ignored="0" hostname="LAPTOP-69CS28LU" failures="0" tests="4" name="Test" time="0.075" errors="0" timestamp="2022-11-26T09:54:20 IST">
  <testcase classname="com.testng.training.PriorityExample" name="testOne" time="0.014"/>
  <testcase classname="com.testng.training.PriorityExample" name="testFour" time="0.0"/>
  <testcase classname="com.testng.training.PriorityExample" name="testThree" time="0.0"/>
  <testcase classname="com.testng.training.PriorityExample" name="testTwo" time="0.0"/>
</testsuite> <!-- Test -->
