<?xml version="1.0" encoding="UTF-8"?>
<!-- Generated by org.testng.reporters.JUnitXMLReporter -->
<testsuite ignored="0" hostname="LAPTOP-69CS28LU" failures="0" tests="4" name="Default test" time="0.107" errors="0" timestamp="2022-08-19T10:38:39 IST">
  <testcase classname="com.testng.training.MultiTestDependency" name="start" time="0.018"/>
  <testcase classname="com.testng.training.MultiTestDependency" name="init" time="0.002"/>
  <testcase classname="com.testng.training.MultiTestDependency" name="process" time="0.008"/>
  <testcase classname="com.testng.training.MultiTestDependency" name="stop" time="0.005"/>
</testsuite> <!-- Default test -->
