<?xml version="1.0" encoding="UTF-8"?>
<testng-results ignored="0" total="4" passed="4" failed="0" skipped="0">
  <reporter-output>
  </reporter-output>
  <suite started-at="2022-11-26T09:54:20 IST" name="Suite" finished-at="2022-11-26T09:54:20 IST" duration-ms="75">
    <groups>
    </groups>
    <test started-at="2022-11-26T09:54:20 IST" name="Test" finished-at="2022-11-26T09:54:20 IST" duration-ms="75">
      <class name="com.testng.training.PriorityExample">
        <test-method signature="testOne()[pri:0, instance:com.testng.training.PriorityExample@c8e4bb0]" started-at="2022-11-26T09:54:20 IST" name="testOne" finished-at="2022-11-26T09:54:20 IST" duration-ms="14" status="PASS">
          <reporter-output>
          </reporter-output>
        </test-method> <!-- testOne -->
        <test-method signature="testFour()[pri:1, instance:com.testng.training.PriorityExample@c8e4bb0]" started-at="2022-11-26T09:54:20 IST" name="testFour" finished-at="2022-11-26T09:54:20 IST" duration-ms="0" status="PASS">
          <reporter-output>
          </reporter-output>
        </test-method> <!-- testFour -->
        <test-method signature="testThree()[pri:2, instance:com.testng.training.PriorityExample@c8e4bb0]" started-at="2022-11-26T09:54:20 IST" name="testThree" finished-at="2022-11-26T09:54:20 IST" duration-ms="0" status="PASS">
          <reporter-output>
          </reporter-output>
        </test-method> <!-- testThree -->
        <test-method signature="testTwo()[pri:3, instance:com.testng.training.PriorityExample@c8e4bb0]" started-at="2022-11-26T09:54:20 IST" name="testTwo" finished-at="2022-11-26T09:54:20 IST" duration-ms="0" status="PASS">
          <reporter-output>
          </reporter-output>
        </test-method> <!-- testTwo -->
      </class> <!-- com.testng.training.PriorityExample -->
    </test> <!-- Test -->
  </suite> <!-- Suite -->
</testng-results>
