<?xml version="1.0" encoding="UTF-8"?>
<!-- Generated by org.testng.reporters.JUnitXMLReporter -->
<testsuite ignored="0" hostname="LAPTOP-69CS28LU" failures="0" tests="3" name="Unit Test" time="0.079" errors="0" timestamp="2022-06-12T20:51:21 IST">
  <testcase classname="com.testng.dataprovider.DataProviderParameterExample" name="commonScenarios" time="0.006"/>
  <testcase classname="com.testng.dataprovider.DataProviderParameterExample" name="scenario1" time="0.0"/>
  <testcase classname="com.testng.dataprovider.DataProviderParameterExample" name="scenario2" time="0.0"/>
</testsuite> <!-- Unit Test -->
