<?xml version="1.0" encoding="UTF-8"?>
<!-- Generated by org.testng.reporters.JUnitXMLReporter -->
<testsuite ignored="2" hostname="LAPTOP-69CS28LU" failures="0" tests="2" name="Group Functionality" time="0.046" errors="0" timestamp="2022-05-23T09:39:29 IST">
  <testcase classname="com.testng.training.TestCaseGrouping" name="testCaseOne" time="0.009"/>
  <testcase classname="com.testng.training.TestCaseGrouping" name="testCaseTwo" time="0.001"/>
  <testcase classname="com.testng.training.TestCaseGrouping" name="testCaseFour" time="0.0">
    <ignored/>
  </testcase> <!-- testCaseFour -->
  <testcase classname="com.testng.training.TestCaseGrouping" name="testCaseThree" time="0.0">
    <ignored/>
  </testcase> <!-- testCaseThree -->
</testsuite> <!-- Group Functionality -->
